2023-07-25 21:55:02,936 - INFO - [31m[1mWARNING: This is a development server. Do not use it in a production deployment. Use a production WSGI server instead.[0m
 * Running on http://127.0.0.1:5000
2023-07-25 21:55:02,936 - INFO - [33mPress CTRL+C to quit[0m
2023-07-25 21:55:02,938 - INFO -  * Restarting with stat
2023-07-25 21:55:03,529 - WARNING -  * Debugger is active!
2023-07-25 21:55:03,531 - INFO -  * Debugger PIN: 129-026-199
2023-07-25 21:55:19,197 - INFO - Data inserted or updated successfully.
2023-07-25 21:55:19,392 - INFO - Data inserted or updated successfully.
2023-07-25 21:55:19,576 - INFO - Data inserted or updated successfully.
2023-07-25 21:55:19,652 - INFO - Data inserted or updated successfully.
2023-07-25 21:55:19,838 - INFO - Data inserted or updated successfully.
2023-07-25 21:55:19,931 - INFO - Data inserted or updated successfully.
2023-07-25 21:55:20,015 - INFO - Data inserted or updated successfully.
2023-07-25 21:55:20,194 - INFO - Data inserted or updated successfully.
2023-07-25 21:55:20,384 - INFO - Data inserted or updated successfully.
2023-07-25 21:55:20,495 - INFO - Data inserted or updated successfully.
2023-07-25 21:55:20,576 - INFO - Data inserted or updated successfully.
2023-07-25 21:55:20,695 - INFO - Data inserted or updated successfully.
2023-07-25 21:55:20,796 - INFO - Data inserted or updated successfully.
2023-07-25 21:55:20,896 - INFO - Data inserted or updated successfully.
2023-07-25 21:55:21,013 - INFO - Data inserted or updated successfully.
2023-07-25 21:55:21,108 - INFO - Data inserted or updated successfully.
2023-07-25 21:55:21,227 - INFO - Data inserted or updated successfully.
2023-07-25 21:55:21,385 - INFO - Data inserted or updated successfully.
2023-07-25 21:55:21,480 - INFO - Data inserted or updated successfully.
2023-07-25 21:55:21,604 - INFO - Data inserted or updated successfully.
2023-07-25 21:55:21,700 - INFO - Data inserted or updated successfully.
2023-07-25 21:55:21,783 - INFO - Data inserted or updated successfully.
2023-07-25 21:55:21,956 - INFO - Data inserted or updated successfully.
2023-07-25 21:55:22,029 - INFO - Data inserted or updated successfully.
2023-07-25 21:55:22,116 - INFO - Data inserted or updated successfully.
2023-07-25 21:55:22,219 - INFO - Data inserted or updated successfully.
2023-07-25 21:55:22,297 - INFO - Data inserted or updated successfully.
2023-07-25 21:55:22,374 - INFO - Data inserted or updated successfully.
2023-07-25 21:55:22,462 - INFO - Data inserted or updated successfully.
2023-07-25 21:55:22,609 - INFO - Data inserted or updated successfully.
2023-07-25 21:55:33,253 - INFO - 127.0.0.1 - - [25/Jul/2023 21:55:33] "GET /fetch-data/ HTTP/1.1" 200 -
